Build started 07.04.2014 14:55:28.
     1>Project "C:\Users\Andrea\Documents\Visual Studio 2010\Projects\Robot Simulator\Robot Simulator\Robot Simulator.vcxproj" on node 2 (Build target(s)).
     1>ClCompile:
         C:\Program Files (x86)\Microsoft Visual Studio 12.0\VC\bin\CL.exe /c /AI"C:\Program Files (x86)\Reference Assemblies\Microsoft\Framework\.NETFramework\v4.5\\" /AI"C:\Program Files (x86)\Windows Kits\8.1\References\CommonConfiguration\Neutral" /AI"C:\Program Files (x86)\Reference Assemblies\Microsoft\Framework\.NETFramework\v4.5\Facades\\" /Zi /clr:pure /nologo /W3 /WX- /Od /Oy- /D WIN32 /D _DEBUG /D _UNICODE /D UNICODE /EHa /MDd /GS /fp:precise /Zc:wchar_t /Zc:forScope /Yu"stdafx.h" /Fp"Debug\Robot Simulator.pch" /Fo"Debug\\" /Fd"Debug\vc120.pdb" /TP /FU"C:\Program Files (x86)\Reference Assemblies\Microsoft\Framework\.NETFramework\v4.5\mscorlib.dll" /FU"C:\Program Files (x86)\Reference Assemblies\Microsoft\Framework\.NETFramework\v4.5\System.Data.dll" /FU"C:\Program Files (x86)\Reference Assemblies\Microsoft\Framework\.NETFramework\v4.5\System.dll" /FU"C:\Program Files (x86)\Reference Assemblies\Microsoft\Framework\.NETFramework\v4.5\System.Drawing.dll" /FU"C:\Program Files (x86)\Reference Assemblies\Microsoft\Framework\.NETFramework\v4.5\System.Windows.Forms.dll" /FU"C:\Program Files (x86)\Reference Assemblies\Microsoft\Framework\.NETFramework\v4.5\System.Xml.dll" /analyze- /errorReport:prompt /clr:nostdlib "Robot Simulator.cpp"
         Robot Simulator.cpp
     1>c:\users\andrea\documents\visual studio 2010\projects\robot simulator\robot simulator\Robot.h(31): warning C4677: 'MoveToMotorAngles': signature of non-private member contains assembly private type 'tuple'
                 c:\users\andrea\documents\visual studio 2010\projects\robot simulator\robot simulator\Robot.h(13) : see declaration of 'tuple'
     1>c:\users\andrea\documents\visual studio 2010\projects\robot simulator\robot simulator\Robot.h(32): warning C4677: 'MoveToPositions': signature of non-private member contains assembly private type 'tuple'
                 c:\users\andrea\documents\visual studio 2010\projects\robot simulator\robot simulator\Robot.h(13) : see declaration of 'tuple'
     1>c:\users\andrea\documents\visual studio 2010\projects\robot simulator\robot simulator\Robot.h(33): warning C4677: 'GetPosition': signature of non-private member contains assembly private type 'tuple'
                 c:\users\andrea\documents\visual studio 2010\projects\robot simulator\robot simulator\Robot.h(13) : see declaration of 'tuple'
     1>c:\users\andrea\documents\visual studio 2010\projects\robot simulator\robot simulator\Form1.h(658): warning C4244: '=' : conversion from 'double' to 'long', possible loss of data
       Link:
         C:\Program Files (x86)\Microsoft Visual Studio 12.0\VC\bin\link.exe /ERRORREPORT:PROMPT /OUT:"C:\Users\Andrea\Documents\Visual Studio 2010\Projects\Robot Simulator\Debug\Robot Simulator.exe" /INCREMENTAL /NOLOGO /ASSEMBLYRESOURCE:Debug\RobotSimulator.Form1.resources /ASSEMBLYRESOURCE:Debug\RobotSimulator.MyForm.resources /MANIFEST /MANIFESTUAC:"level='asInvoker' uiAccess='false'" /manifest:embed /DEBUG /PDB:"C:\Users\Andrea\Documents\Visual Studio 2010\Projects\Robot Simulator\Debug\Robot Simulator.pdb" /ASSEMBLYDEBUG /SUBSYSTEM:WINDOWS /TLBID:1 /ENTRY:"main" /DYNAMICBASE /FIXED:NO /NXCOMPAT /MACHINE:X86 Debug\app.res
         Debug\AssemblyInfo.obj
         Debug\MyForm.obj
         "Debug\Robot Simulator.obj"
         Debug\Robot.obj
         Debug\stdafx.obj
         "Debug\.NETFramework,Version=v4.5.AssemblyAttributes.obj"
         Robot Simulator.vcxproj -> C:\Users\Andrea\Documents\Visual Studio 2010\Projects\Robot Simulator\Debug\Robot Simulator.exe
     1>Done Building Project "C:\Users\Andrea\Documents\Visual Studio 2010\Projects\Robot Simulator\Robot Simulator\Robot Simulator.vcxproj" (Build target(s)).

Build succeeded.

Time Elapsed 00:00:02.72
